Performing C++ SOURCE FILE Test CMAKE_HAVE_LIBC_PTHREAD failed with the following output:
Change Dir: /home/jacob/Documents/3-Semester/VSUD/Threads - Opgaver/Jacob/Hooligans/build-Asynkorne_Hooligans-Desktop_Qt_6_1_3_GCC_64bit-Debug/CMakeFiles/CMakeTmp

Run Build Command(s):/home/jacob/Qt/Tools/Ninja/ninja cmTC_ba0f9 && [1/2] Building CXX object CMakeFiles/cmTC_ba0f9.dir/src.cxx.o
[2/2] Linking CXX executable cmTC_ba0f9
FAILED: cmTC_ba0f9 
: && /usr/bin/g++   CMakeFiles/cmTC_ba0f9.dir/src.cxx.o -o cmTC_ba0f9   && :
/usr/bin/ld: CMakeFiles/cmTC_ba0f9.dir/src.cxx.o: in function `main':
src.cxx:(.text+0x46): undefined reference to `pthread_create'
/usr/bin/ld: src.cxx:(.text+0x52): undefined reference to `pthread_detach'
/usr/bin/ld: src.cxx:(.text+0x5e): undefined reference to `pthread_cancel'
/usr/bin/ld: src.cxx:(.text+0x6f): undefined reference to `pthread_join'
collect2: error: ld returned 1 exit status
ninja: build stopped: subcommand failed.


Source file was:
#include <pthread.h>

static void* test_func(void* data)
{
  return data;
}

int main(void)
{
  pthread_t thread;
  pthread_create(&thread, NULL, test_func, NULL);
  pthread_detach(thread);
  pthread_cancel(thread);
  pthread_join(thread, NULL);
  pthread_atfork(NULL, NULL, NULL);
  pthread_exit(NULL);

  return 0;
}

Performing C++ SOURCE FILE Test CMAKE_HAVE_LIBC_PTHREAD failed with the following output:
Change Dir: /home/jacob/Documents/3-Semester/VSUD/Threads - Opgaver/Jacob/Hooligans/build-Asynkorne_Hooligans-Desktop_Qt_6_1_3_GCC_64bit-Debug/CMakeFiles/CMakeTmp

Run Build Command(s):/home/jacob/Qt/Tools/Ninja/ninja cmTC_6bf98 && [1/2] Building CXX object CMakeFiles/cmTC_6bf98.dir/src.cxx.o
[2/2] Linking CXX executable cmTC_6bf98
FAILED: cmTC_6bf98 
: && /usr/bin/g++   CMakeFiles/cmTC_6bf98.dir/src.cxx.o -o cmTC_6bf98   && :
/usr/bin/ld: CMakeFiles/cmTC_6bf98.dir/src.cxx.o: in function `main':
src.cxx:(.text+0x46): undefined reference to `pthread_create'
/usr/bin/ld: src.cxx:(.text+0x52): undefined reference to `pthread_detach'
/usr/bin/ld: src.cxx:(.text+0x5e): undefined reference to `pthread_cancel'
/usr/bin/ld: src.cxx:(.text+0x6f): undefined reference to `pthread_join'
collect2: error: ld returned 1 exit status
ninja: build stopped: subcommand failed.


Source file was:
#include <pthread.h>

static void* test_func(void* data)
{
  return data;
}

int main(void)
{
  pthread_t thread;
  pthread_create(&thread, NULL, test_func, NULL);
  pthread_detach(thread);
  pthread_cancel(thread);
  pthread_join(thread, NULL);
  pthread_atfork(NULL, NULL, NULL);
  pthread_exit(NULL);

  return 0;
}

