Performing C++ SOURCE FILE Test CMAKE_HAVE_LIBC_PTHREAD failed with the following output:
Change Dir: /home/jacob/Documents/3-Semester/VSUD/Threads - Opgaver/Jacob/PrimeNumbers/build-Threads_primeNumbers-Desktop_Qt_6_1_3_GCC_64bit-Debug/CMakeFiles/CMakeTmp

Run Build Command(s):/home/jacob/Qt/Tools/Ninja/ninja cmTC_c5bac && [1/2] Building CXX object CMakeFiles/cmTC_c5bac.dir/src.cxx.o
[2/2] Linking CXX executable cmTC_c5bac
FAILED: cmTC_c5bac 
: && /usr/bin/g++   CMakeFiles/cmTC_c5bac.dir/src.cxx.o -o cmTC_c5bac   && :
/usr/bin/ld: CMakeFiles/cmTC_c5bac.dir/src.cxx.o: in function `main':
src.cxx:(.text+0x46): undefined reference to `pthread_create'
/usr/bin/ld: src.cxx:(.text+0x52): undefined reference to `pthread_detach'
/usr/bin/ld: src.cxx:(.text+0x5e): undefined reference to `pthread_cancel'
/usr/bin/ld: src.cxx:(.text+0x6f): undefined reference to `pthread_join'
collect2: error: ld returned 1 exit status
ninja: build stopped: subcommand failed.


Source file was:
#include <pthread.h>

static void* test_func(void* data)
{
  return data;
}

int main(void)
{
  pthread_t thread;
  pthread_create(&thread, NULL, test_func, NULL);
  pthread_detach(thread);
  pthread_cancel(thread);
  pthread_join(thread, NULL);
  pthread_atfork(NULL, NULL, NULL);
  pthread_exit(NULL);

  return 0;
}

Determining if the function pthread_create exists in the pthreads failed with the following output:
Change Dir: /home/jacob/Documents/3-Semester/VSUD/Threads - Opgaver/Jacob/PrimeNumbers/build-Threads_primeNumbers-Desktop_Qt_6_1_3_GCC_64bit-Debug/CMakeFiles/CMakeTmp

Run Build Command(s):/home/jacob/Qt/Tools/Ninja/ninja cmTC_4066e && [1/2] Building CXX object CMakeFiles/cmTC_4066e.dir/CheckFunctionExists.cxx.o
[2/2] Linking CXX executable cmTC_4066e
FAILED: cmTC_4066e 
: && /usr/bin/g++ -DCHECK_FUNCTION_EXISTS=pthread_create  CMakeFiles/cmTC_4066e.dir/CheckFunctionExists.cxx.o -o cmTC_4066e  -lpthreads && :
/usr/bin/ld: cannot find -lpthreads
collect2: error: ld returned 1 exit status
ninja: build stopped: subcommand failed.



